<?xml version="1.0" encoding="UTF-8"?>
<!-- Generated by org.testng.reporters.JUnitXMLReporter -->
<testsuite hostname="kaushal" ignored="0" name="chromeTestCases" tests="1" failures="0" timestamp="12 Jun 2017 18:45:11 GMT" time="7.805" errors="0">
  <testcase name="@BeforeTest beforeTest" time="7.665" classname="CrossBrowserTesting.HMS_Cross_Browser">
    <failure type="org.openqa.selenium.WebDriverException" message="unknown error: Runtime.executionContextCreated has invalid &amp;apos;context&amp;apos;: {&amp;quot;auxData&amp;quot;:{&amp;quot;frameId&amp;quot;:&amp;quot;5292.1&amp;quot;,&amp;quot;isDefault&amp;quot;:true},&amp;quot;id&amp;quot;:1,&amp;quot;name&amp;quot;:&amp;quot;&amp;quot;,&amp;quot;origin&amp;quot;:&amp;quot;://&amp;quot;}
  (Session info: chrome=58.0.3029.110)
  (Driver info: chromedriver=2.9.248315,platform=Windows NT 6.3 x86_64) (WARNING: The server did not provide any stacktrace information)
Command duration or timeout: 667 milliseconds
Build info: version: &amp;apos;3.0.1&amp;apos;, revision: &amp;apos;1969d75&amp;apos;, time: &amp;apos;2016-10-18 09:48:19 -0700&amp;apos;
System info: host: &amp;apos;kaushal&amp;apos;, ip: &amp;apos;192.168.1.12&amp;apos;, os.name: &amp;apos;Windows 8.1&amp;apos;, os.arch: &amp;apos;amd64&amp;apos;, os.version: &amp;apos;6.3&amp;apos;, java.version: &amp;apos;1.8.0_102&amp;apos;
Driver info: org.openqa.selenium.chrome.ChromeDriver
Capabilities [{applicationCacheEnabled=false, rotatable=false, chrome={userDataDir=C:\Users\KAUSHA~1\AppData\Local\Temp\scoped_dir1168_14916}, takesHeapSnapshot=true, databaseEnabled=false, handlesAlerts=true, version=58.0.3029.110, platform=WIN8_1, browserConnectionEnabled=false, nativeEvents=true, acceptSslCerts=true, locationContextEnabled=true, webStorageEnabled=true, browserName=chrome, takesScreenshot=true, javascriptEnabled=true, cssSelectorsEnabled=true}]
Session ID: 79a4c2c6c65cd52d00d37de81be85fb5">
      <![CDATA[org.openqa.selenium.WebDriverException: unknown error: Runtime.executionContextCreated has invalid 'context': {"auxData":{"frameId":"5292.1","isDefault":true},"id":1,"name":"","origin":"://"}
  (Session info: chrome=58.0.3029.110)
  (Driver info: chromedriver=2.9.248315,platform=Windows NT 6.3 x86_64) (WARNING: The server did not provide any stacktrace information)
Command duration or timeout: 667 milliseconds
Build info: version: '3.0.1', revision: '1969d75', time: '2016-10-18 09:48:19 -0700'
System info: host: 'kaushal', ip: '192.168.1.12', os.name: 'Windows 8.1', os.arch: 'amd64', os.version: '6.3', java.version: '1.8.0_102'
Driver info: org.openqa.selenium.chrome.ChromeDriver
Capabilities [{applicationCacheEnabled=false, rotatable=false, chrome={userDataDir=C:\Users\KAUSHA~1\AppData\Local\Temp\scoped_dir1168_14916}, takesHeapSnapshot=true, databaseEnabled=false, handlesAlerts=true, version=58.0.3029.110, platform=WIN8_1, browserConnectionEnabled=false, nativeEvents=true, acceptSslCerts=true, locationContextEnabled=true, webStorageEnabled=true, browserName=chrome, takesScreenshot=true, javascriptEnabled=true, cssSelectorsEnabled=true}]
Session ID: 79a4c2c6c65cd52d00d37de81be85fb5
	at org.openqa.selenium.remote.ErrorHandler.createThrowable(ErrorHandler.java:216)
	at org.openqa.selenium.remote.ErrorHandler.throwIfResponseFailed(ErrorHandler.java:168)
	at org.openqa.selenium.remote.RemoteWebDriver.execute(RemoteWebDriver.java:635)
	at org.openqa.selenium.remote.RemoteWebDriver.get(RemoteWebDriver.java:322)
	at CrossBrowserTesting.HMS_Cross_Browser.beforeTest(HMS_Cross_Browser.java:35)
	at java.util.concurrent.FutureTask.run(FutureTask.java:266)
	at java.util.concurrent.ThreadPoolExecutor.runWorker(ThreadPoolExecutor.java:1142)
	at java.util.concurrent.ThreadPoolExecutor$Worker.run(ThreadPoolExecutor.java:617)
	at java.lang.Thread.run(Thread.java:745)
... Removed 18 stack frames]]>
    </failure>
  </testcase> <!-- @BeforeTest beforeTest -->
  <testcase name="@AfterTest afterTest" time="0.0" classname="CrossBrowserTesting.HMS_Cross_Browser">
    <skipped/>
  </testcase> <!-- @AfterTest afterTest -->
  <testcase name="f" time="0.0" classname="CrossBrowserTesting.HMS_Cross_Browser">
    <skipped/>
  </testcase> <!-- f -->
</testsuite> <!-- chromeTestCases -->
